<?xml version="1.0" encoding="UTF-8"?>
<!-- Generated by org.testng.reporters.JUnitReportReporter -->
<testsuite hostname="Ben-Laptop" failures="0" tests="1" name="restaurantbooking.NewTest" time="2.440" errors="0" timestamp="24 Feb 2022 04:42:44 GMT">
  <testcase classname="restaurantbooking.NewTest" name="f" time="2.440"/>
</testsuite> <!-- restaurantbooking.NewTest -->
